<?xml version="1.0" encoding="UTF-8"?>
<!-- Generated by org.testng.reporters.JUnitXMLReporter -->
<testsuite ignored="2" hostname="LAPTOP-BUCV5FUF" failures="0" tests="5" name="Car Loan" time="0.047" errors="0" timestamp="2023-04-18T17:36:00 IST">
  <testcase classname="test.testPractice3" name="mobileLoginCarLoan" time="0.003"/>
  <testcase classname="test.testPractice3" name="mobileSignoutLoan" time="0.002"/>
  <testcase classname="test.testPractice3" name="mobileSignoutLoan" time="0.001"/>
  <testcase classname="test.testPractice3" name="mobileSignoutLoan" time="0.0"/>
  <testcase classname="test.testPractice3" name="webLoginCarLoan" time="0.001"/>
  <testcase classname="test.testPractice3" name="apiLoginCarLoan" time="0.0">
    <ignored/>
  </testcase> <!-- apiLoginCarLoan -->
  <testcase classname="test.testPractice3" name="mobileSignInCarLoan" time="0.0">
    <ignored/>
  </testcase> <!-- mobileSignInCarLoan -->
</testsuite> <!-- Car Loan -->
