<?xml version="1.0" encoding="UTF-8"?>
<!-- Generated by org.testng.reporters.JUnitXMLReporter -->
<testsuite ignored="3" hostname="LAPTOP-BUCV5FUF" failures="0" tests="8" name="Regression" time="0.043" errors="0" timestamp="2023-04-18T10:51:53 IST">
  <testcase classname="test.testPractice" name="Demo" time="0.004"/>
  <testcase classname="test.testPractice" name="SecondTest" time="0.001"/>
  <testcase classname="test.testPractice3" name="apiLoginCarLoan" time="0.0"/>
  <testcase classname="test.testPractice3" name="mobileSignInCarLoan" time="0.0"/>
  <testcase classname="test.testPractice3" name="mobileSignoutLoan" time="0.001"/>
  <testcase classname="test.testPractice3" name="webLoginCarLoan" time="0.001"/>
  <testcase classname="test.testPractice4" name="apiLoginHomeLoan" time="0.001"/>
  <testcase classname="test.testPractice4" name="webLoginHomeLoan" time="0.001"/>
  <testcase classname="test.testPractice3" name="mobileLoginCarLoan" time="0.0">
    <ignored/>
  </testcase> <!-- mobileLoginCarLoan -->
  <testcase classname="test.testPractice2" name="ploan" time="0.0">
    <ignored/>
  </testcase> <!-- ploan -->
  <testcase classname="test.testPractice4" name="mobileLoginHomeLoan" time="0.0">
    <ignored/>
  </testcase> <!-- mobileLoginHomeLoan -->
</testsuite> <!-- Regression -->
